{
  "RSpec": {
    "coverage": {
        1,
        null,
        1,
        1,
        1,
        1,
        null,
        1,
        1,
        null,
        null,
        1,
        1,
        null,
        null,
        null
      ],
      "/Users/wayman/Projects/week6/makers-bnb/lib/Users.rb": [
        1,
        1,
        null,
        1,
        null,
        1,
        null,
        1,
        1,
        null,
        null,
        null
      ],
      "/Users/wayman/Projects/week6/makers-bnb/spec/database_connection_spec.rb": [
        1,
        null,
        1,
        1,
        1,
        1,
        null,
        null
      ],
      "/Users/wayman/Projects/week6/makers-bnb/spec/features/sign_up_spec.rb": [

      ],
      "/Users/wayman/Projects/week6/makers-bnb/spec/features/testing_framework_spec.rb": [
        1,
        null,
        1,
        1,
        1,
        null,
        null,
        null
      ]
    },
  }
}
