{
  "RSpec": {
    "coverage": {
      "/Users/stephanieparker/Projects/Week6/makers-bnb/spec/Space_spec.rb": [
        1,
        1,
        1,
        null,
        1,
        null,
        1,
        1,
        null,
        null,
        1,
        1,
        1,
        1,
        1,
        1,
        null,
        1,
        null,
        1,
        1,
        1,
        1,
        1,
        null,
        null,
        null,
        null
      ],
      "/Users/stephanieparker/Projects/Week6/makers-bnb/spec/database_helpers.rb": [
        1,
        null,
        1,
        0,
        0,
        0,
        null
      ],
      "/Users/stephanieparker/Projects/Week6/makers-bnb/lib/Space.rb": [
        1,
        null,
        1,
        null,
        1,
        2,
        2,
        2,
        2,
        2,
        2,
        2,
        null,
        null,
        1,
        2,
        2,
        null,
        null,
        null
      ],
      "/Users/stephanieparker/Projects/Week6/makers-bnb/spec/database_connection_spec.rb": [
        1,
        null,
        1,
        1,
        1,
        1,
        null,
        null
      ],
      "/Users/stephanieparker/Projects/Week6/makers-bnb/spec/features/create_space_spec.rb": [
        1,
        1,
        1,
        null,
        1,
        null,
        1,
        1,
        null,
        null,
        1,
        1,
        1,
        1,
        1,
        1,
        1,
        1,
        1,
        1,
        null,
        1,
        null,
        1,
        1,
        1,
        1,
        null,
        null
      ],
      "/Users/stephanieparker/Projects/Week6/makers-bnb/spec/features/testing_framework_spec.rb": [
        1,
        null,
        1,
        1,
        1,
        null,
        null,
        null
      ]
    },
    "timestamp": 1543856736
  }
}
